[2022-06-12 15:16:38] local.ERROR: Session store not set on request. (View: D:\Dokq\dokq\last_source\backup_dokq_1638716411\resources\views\layout.blade.php) (View: D:\Dokq\dokq\last_source\backup_dokq_1638716411\resources\views\layout.blade.php) {"exception":"[object] (ErrorException(code: 0): Session store not set on request. (View: D:\\Dokq\\dokq\\last_source\\backup_dokq_1638716411\esources\\views\\layout.blade.php) (View: D:\\Dokq\\dokq\\last_source\\backup_dokq_1638716411\esources\\views\\layout.blade.php) at D:\\Dokq\\dokq\\last_source\\backup_dokq_1638716411\\vendor\\laravel\\framework\\src\\Illuminate\\Http\\Request.php:414, ErrorException(code: 0): Session store not set on request. (View: D:\\Dokq\\dokq\\last_source\\backup_dokq_1638716411\esources\\views\\layout.blade.php) at D:\\Dokq\\dokq\\last_source\\backup_dokq_1638716411\\vendor\\laravel\\framework\\src\\Illuminate\\Http\\Request.php:414, RuntimeException(code: 0): Session store not set on request. at D:\\Dokq\\dokq\\last_source\\backup_dokq_1638716411\\vendor\\laravel\\framework\\src\\Illuminate\\Http\\Request.php:414)
[stacktrace]
#0 D:\\Dokq\\dokq\\last_source\\backup_dokq_1638716411\\vendor\\laravel\\framework\\src\\Illuminate\\View\\Engines\\PhpEngine.php(45): Illuminate\\View\\Engines\\CompilerEngine->handleViewException(Object(ErrorException), 1)
#1 D:\\Dokq\\dokq\\last_source\\backup_dokq_1638716411\\vendor\\laravel\\framework\\src\\Illuminate\\View\\Engines\\CompilerEngine.php(59): Illuminate\\View\\Engines\\PhpEngine->evaluatePath('D:\\\\Dokq\\\\dokq\\\\la...', Array)
#2 D:\\Dokq\\dokq\\last_source\\backup_dokq_1638716411\\vendor\\laravel\\framework\\src\\Illuminate\\View\\View.php(137): Illuminate\\View\\Engines\\CompilerEngine->get('D:\\\\Dokq\\\\dokq\\\\la...', Array)
#3 D:\\Dokq\\dokq\\last_source\\backup_dokq_1638716411\\vendor\\laravel\\framework\\src\\Illuminate\\View\\View.php(120): Illuminate\\View\\View->getContents()
#4 D:\\Dokq\\dokq\\last_source\\backup_dokq_1638716411\\vendor\\laravel\\framework\\src\\Illuminate\\View\\View.php(85): Illuminate\\View\\View->renderContents()
#5 D:\\Dokq\\dokq\\last_source\\backup_dokq_1638716411\\vendor\\laravel\\framework\\src\\Illuminate\\Http\\Response.php(42): Illuminate\\View\\View->render()
#6 D:\\Dokq\\dokq\\last_source\\backup_dokq_1638716411\\vendor\\symfony\\http-foundation\\Response.php(199): Illuminate\\Http\\Response->setContent(Object(Illuminate\\View\\View))
#7 D:\\Dokq\\dokq\\last_source\\backup_dokq_1638716411\\vendor\\laravel\\framework\\src\\Illuminate\\Routing\\ResponseFactory.php(55): Symfony\\Component\\HttpFoundation\\Response->__construct(Object(Illuminate\\View\\View), 404, Array)
#8 D:\\Dokq\\dokq\\last_source\\backup_dokq_1638716411\\vendor\\laravel\\framework\\src\\Illuminate\\Routing\\ResponseFactory.php(69): Illuminate\\Routing\\ResponseFactory->make(Object(Illuminate\\View\\View), 404, Array)
#9 D:\\Dokq\\dokq\\last_source\\backup_dokq_1638716411\\vendor\\laravel\\framework\\src\\Illuminate\\Foundation\\Exceptions\\Handler.php(399): Illuminate\\Routing\\ResponseFactory->view('errors::404', Array, 404, Array)
#10 D:\\Dokq\\dokq\\last_source\\backup_dokq_1638716411\\vendor\\laravel\\framework\\src\\Illuminate\\Foundation\\Exceptions\\Handler.php(295): Illuminate\\Foundation\\Exceptions\\Handler->renderHttpException(Object(Symfony\\Component\\HttpKernel\\Exception\\NotFoundHttpException))
#11 D:\\Dokq\\dokq\\last_source\\backup_dokq_1638716411\\vendor\\laravel\\framework\\src\\Illuminate\\Foundation\\Exceptions\\Handler.php(187): Illuminate\\Foundation\\Exceptions\\Handler->prepareResponse(Object(Illuminate\\Http\\Request), Object(Symfony\\Component\\HttpKernel\\Exception\\NotFoundHttpException))
#12 D:\\Dokq\\dokq\\last_source\\backup_dokq_1638716411\\app\\Exceptions\\Handler.php(51): Illuminate\\Foundation\\Exceptions\\Handler->render(Object(Illuminate\\Http\\Request), Object(Symfony\\Component\\HttpKernel\\Exception\\NotFoundHttpException))
#13 D:\\Dokq\\dokq\\last_source\\backup_dokq_1638716411\\vendor\\laravel\\framework\\src\\Illuminate\\Routing\\Pipeline.php(83): App\\Exceptions\\Handler->render(Object(Illuminate\\Http\\Request), Object(Symfony\\Component\\HttpKernel\\Exception\\NotFoundHttpException))
#14 D:\\Dokq\\dokq\\last_source\\backup_dokq_1638716411\\vendor\\laravel\\framework\\src\\Illuminate\\Routing\\Pipeline.php(32): Illuminate\\Routing\\Pipeline->handleException(Object(Illuminate\\Http\\Request), Object(Symfony\\Component\\HttpKernel\\Exception\\NotFoundHttpException))
#15 D:\\Dokq\\dokq\\last_source\\backup_dokq_1638716411\\vendor\\fideloper\\proxy\\src\\TrustProxies.php(56): Illuminate\\Routing\\Pipeline->Illuminate\\Routing\\{closure}(Object(Illuminate\\Http\\Request))
#16 D:\\Dokq\\dokq\\last_source\\backup_dokq_1638716411\\vendor\\laravel\\framework\\src\\Illuminate\\Pipeline\\Pipeline.php(149): Fideloper\\Proxy\\TrustProxies->handle(Object(Illuminate\\Http\\Request), Object(Closure))
#17 D:\\Dokq\\dokq\\last_source\\backup_dokq_1638716411\\vendor\\laravel\\framework\\src\\Illuminate\\Routing\\Pipeline.php(53): Illuminate\\Pipeline\\Pipeline->Illuminate\\Pipeline\\{closure}(Object(Illuminate\\Http\\Request))
#18 D:\\Dokq\\dokq\\last_source\\backup_dokq_1638716411\\vendor\\laravel\\framework\\src\\Illuminate\\Foundation\\Http\\Middleware\\TransformsRequest.php(30): Illuminate\\Routing\\Pipeline->Illuminate\\Routing\\{closure}(Object(Illuminate\\Http\\Request))
#19 D:\\Dokq\\dokq\\last_source\\backup_dokq_1638716411\\vendor\\laravel\\framework\\src\\Illuminate\\Pipeline\\Pipeline.php(149): Illuminate\\Foundation\\Http\\Middleware\\TransformsRequest->handle(Object(Illuminate\\Http\\Request), Object(Closure))
#20 D:\\Dokq\\dokq\\last_source\\backup_dokq_1638716411\\vendor\\laravel\\framework\\src\\Illuminate\\Routing\\Pipeline.php(53): Illuminate\\Pipeline\\Pipeline->Illuminate\\Pipeline\\{closure}(Object(Illuminate\\Http\\Request))
#21 D:\\Dokq\\dokq\\last_source\\backup_dokq_1638716411\\vendor\\laravel\\framework\\src\\Illuminate\\Foundation\\Http\\Middleware\\TransformsRequest.php(30): Illuminate\\Routing\\Pipeline->Illuminate\\Routing\\{closure}(Object(Illuminate\\Http\\Request))
#22 D:\\Dokq\\dokq\\last_source\\backup_dokq_1638716411\\vendor\\laravel\\framework\\src\\Illuminate\\Pipeline\\Pipeline.php(149): Illuminate\\Foundation\\Http\\Middleware\\TransformsRequest->handle(Object(Illuminate\\Http\\Request), Object(Closure))
#23 D:\\Dokq\\dokq\\last_source\\backup_dokq_1638716411\\vendor\\laravel\\framework\\src\\Illuminate\\Routing\\Pipeline.php(53): Illuminate\\Pipeline\\Pipeline->Illuminate\\Pipeline\\{closure}(Object(Illuminate\\Http\\Request))
#24 D:\\Dokq\\dokq\\last_source\\backup_dokq_1638716411\\vendor\\laravel\\framework\\src\\Illuminate\\Foundation\\Http\\Middleware\\ValidatePostSize.php(27): Illuminate\\Routing\\Pipeline->Illuminate\\Routing\\{closure}(Object(Illuminate\\Http\\Request))
#25 D:\\Dokq\\dokq\\last_source\\backup_dokq_1638716411\\vendor\\laravel\\framework\\src\\Illuminate\\Pipeline\\Pipeline.php(149): Illuminate\\Foundation\\Http\\Middleware\\ValidatePostSize->handle(Object(Illuminate\\Http\\Request), Object(Closure))
#26 D:\\Dokq\\dokq\\last_source\\backup_dokq_1638716411\\vendor\\laravel\\framework\\src\\Illuminate\\Routing\\Pipeline.php(53): Illuminate\\Pipeline\\Pipeline->Illuminate\\Pipeline\\{closure}(Object(Illuminate\\Http\\Request))
#27 D:\\Dokq\\dokq\\last_source\\backup_dokq_1638716411\\vendor\\laravel\\framework\\src\\Illuminate\\Foundation\\Http\\Middleware\\CheckForMaintenanceMode.php(46): Illuminate\\Routing\\Pipeline->Illuminate\\Routing\\{closure}(Object(Illuminate\\Http\\Request))
#28 D:\\Dokq\\dokq\\last_source\\backup_dokq_1638716411\\vendor\\laravel\\framework\\src\\Illuminate\\Pipeline\\Pipeline.php(149): Illuminate\\Foundation\\Http\\Middleware\\CheckForMaintenanceMode->handle(Object(Illuminate\\Http\\Request), Object(Closure))
#29 D:\\Dokq\\dokq\\last_source\\backup_dokq_1638716411\\vendor\\laravel\\framework\\src\\Illuminate\\Routing\\Pipeline.php(53): Illuminate\\Pipeline\\Pipeline->Illuminate\\Pipeline\\{closure}(Object(Illuminate\\Http\\Request))
#30 D:\\Dokq\\dokq\\last_source\\backup_dokq_1638716411\\vendor\\laravel\\framework\\src\\Illuminate\\Pipeline\\Pipeline.php(102): Illuminate\\Routing\\Pipeline->Illuminate\\Routing\\{closure}(Object(Illuminate\\Http\\Request))
#31 D:\\Dokq\\dokq\\last_source\\backup_dokq_1638716411\\vendor\\laravel\\framework\\src\\Illuminate\\Foundation\\Http\\Kernel.php(151): Illuminate\\Pipeline\\Pipeline->then(Object(Closure))
#32 D:\\Dokq\\dokq\\last_source\\backup_dokq_1638716411\\vendor\\laravel\\framework\\src\\Illuminate\\Foundation\\Http\\Kernel.php(116): Illuminate\\Foundation\\Http\\Kernel->sendRequestThroughRouter(Object(Illuminate\\Http\\Request))
#33 D:\\Dokq\\dokq\\last_source\\backup_dokq_1638716411\\public\\index.php(55): Illuminate\\Foundation\\Http\\Kernel->handle(Object(Illuminate\\Http\\Request))
#34 D:\\Dokq\\dokq\\last_source\\backup_dokq_1638716411\\server.php(21): require_once('D:\\\\Dokq\\\\dokq\\\\la...')
#35 {main}
"} 
[2022-06-12 18:55:02] local.ERROR: Session store not set on request. (View: D:\Dokq\dokq\last_source\backup_dokq_1638716411\resources\views\layout.blade.php) (View: D:\Dokq\dokq\last_source\backup_dokq_1638716411\resources\views\layout.blade.php) {"exception":"[object] (ErrorException(code: 0): Session store not set on request. (View: D:\\Dokq\\dokq\\last_source\\backup_dokq_1638716411\esources\\views\\layout.blade.php) (View: D:\\Dokq\\dokq\\last_source\\backup_dokq_1638716411\esources\\views\\layout.blade.php) at D:\\Dokq\\dokq\\last_source\\backup_dokq_1638716411\\vendor\\laravel\\framework\\src\\Illuminate\\Http\\Request.php:414, ErrorException(code: 0): Session store not set on request. (View: D:\\Dokq\\dokq\\last_source\\backup_dokq_1638716411\esources\\views\\layout.blade.php) at D:\\Dokq\\dokq\\last_source\\backup_dokq_1638716411\\vendor\\laravel\\framework\\src\\Illuminate\\Http\\Request.php:414, RuntimeException(code: 0): Session store not set on request. at D:\\Dokq\\dokq\\last_source\\backup_dokq_1638716411\\vendor\\laravel\\framework\\src\\Illuminate\\Http\\Request.php:414)
[stacktrace]
#0 D:\\Dokq\\dokq\\last_source\\backup_dokq_1638716411\\vendor\\laravel\\framework\\src\\Illuminate\\View\\Engines\\PhpEngine.php(45): Illuminate\\View\\Engines\\CompilerEngine->handleViewException(Object(ErrorException), 1)
#1 D:\\Dokq\\dokq\\last_source\\backup_dokq_1638716411\\vendor\\laravel\\framework\\src\\Illuminate\\View\\Engines\\CompilerEngine.php(59): Illuminate\\View\\Engines\\PhpEngine->evaluatePath('D:\\\\Dokq\\\\dokq\\\\la...', Array)
#2 D:\\Dokq\\dokq\\last_source\\backup_dokq_1638716411\\vendor\\laravel\\framework\\src\\Illuminate\\View\\View.php(137): Illuminate\\View\\Engines\\CompilerEngine->get('D:\\\\Dokq\\\\dokq\\\\la...', Array)
#3 D:\\Dokq\\dokq\\last_source\\backup_dokq_1638716411\\vendor\\laravel\\framework\\src\\Illuminate\\View\\View.php(120): Illuminate\\View\\View->getContents()
#4 D:\\Dokq\\dokq\\last_source\\backup_dokq_1638716411\\vendor\\laravel\\framework\\src\\Illuminate\\View\\View.php(85): Illuminate\\View\\View->renderContents()
#5 D:\\Dokq\\dokq\\last_source\\backup_dokq_1638716411\\vendor\\laravel\\framework\\src\\Illuminate\\Http\\Response.php(42): Illuminate\\View\\View->render()
#6 D:\\Dokq\\dokq\\last_source\\backup_dokq_1638716411\\vendor\\symfony\\http-foundation\\Response.php(199): Illuminate\\Http\\Response->setContent(Object(Illuminate\\View\\View))
#7 D:\\Dokq\\dokq\\last_source\\backup_dokq_1638716411\\vendor\\laravel\\framework\\src\\Illuminate\\Routing\\ResponseFactory.php(55): Symfony\\Component\\HttpFoundation\\Response->__construct(Object(Illuminate\\View\\View), 404, Array)
#8 D:\\Dokq\\dokq\\last_source\\backup_dokq_1638716411\\vendor\\laravel\\framework\\src\\Illuminate\\Routing\\ResponseFactory.php(69): Illuminate\\Routing\\ResponseFactory->make(Object(Illuminate\\View\\View), 404, Array)
#9 D:\\Dokq\\dokq\\last_source\\backup_dokq_1638716411\\vendor\\laravel\\framework\\src\\Illuminate\\Foundation\\Exceptions\\Handler.php(399): Illuminate\\Routing\\ResponseFactory->view('errors::404', Array, 404, Array)
#10 D:\\Dokq\\dokq\\last_source\\backup_dokq_1638716411\\vendor\\laravel\\framework\\src\\Illuminate\\Foundation\\Exceptions\\Handler.php(295): Illuminate\\Foundation\\Exceptions\\Handler->renderHttpException(Object(Symfony\\Component\\HttpKernel\\Exception\\NotFoundHttpException))
#11 D:\\Dokq\\dokq\\last_source\\backup_dokq_1638716411\\vendor\\laravel\\framework\\src\\Illuminate\\Foundation\\Exceptions\\Handler.php(187): Illuminate\\Foundation\\Exceptions\\Handler->prepareResponse(Object(Illuminate\\Http\\Request), Object(Symfony\\Component\\HttpKernel\\Exception\\NotFoundHttpException))
#12 D:\\Dokq\\dokq\\last_source\\backup_dokq_1638716411\\app\\Exceptions\\Handler.php(51): Illuminate\\Foundation\\Exceptions\\Handler->render(Object(Illuminate\\Http\\Request), Object(Symfony\\Component\\HttpKernel\\Exception\\NotFoundHttpException))
#13 D:\\Dokq\\dokq\\last_source\\backup_dokq_1638716411\\vendor\\laravel\\framework\\src\\Illuminate\\Routing\\Pipeline.php(83): App\\Exceptions\\Handler->render(Object(Illuminate\\Http\\Request), Object(Symfony\\Component\\HttpKernel\\Exception\\NotFoundHttpException))
#14 D:\\Dokq\\dokq\\last_source\\backup_dokq_1638716411\\vendor\\laravel\\framework\\src\\Illuminate\\Routing\\Pipeline.php(32): Illuminate\\Routing\\Pipeline->handleException(Object(Illuminate\\Http\\Request), Object(Symfony\\Component\\HttpKernel\\Exception\\NotFoundHttpException))
#15 D:\\Dokq\\dokq\\last_source\\backup_dokq_1638716411\\vendor\\fideloper\\proxy\\src\\TrustProxies.php(56): Illuminate\\Routing\\Pipeline->Illuminate\\Routing\\{closure}(Object(Illuminate\\Http\\Request))
#16 D:\\Dokq\\dokq\\last_source\\backup_dokq_1638716411\\vendor\\laravel\\framework\\src\\Illuminate\\Pipeline\\Pipeline.php(149): Fideloper\\Proxy\\TrustProxies->handle(Object(Illuminate\\Http\\Request), Object(Closure))
#17 D:\\Dokq\\dokq\\last_source\\backup_dokq_1638716411\\vendor\\laravel\\framework\\src\\Illuminate\\Routing\\Pipeline.php(53): Illuminate\\Pipeline\\Pipeline->Illuminate\\Pipeline\\{closure}(Object(Illuminate\\Http\\Request))
#18 D:\\Dokq\\dokq\\last_source\\backup_dokq_1638716411\\vendor\\laravel\\framework\\src\\Illuminate\\Foundation\\Http\\Middleware\\TransformsRequest.php(30): Illuminate\\Routing\\Pipeline->Illuminate\\Routing\\{closure}(Object(Illuminate\\Http\\Request))
#19 D:\\Dokq\\dokq\\last_source\\backup_dokq_1638716411\\vendor\\laravel\\framework\\src\\Illuminate\\Pipeline\\Pipeline.php(149): Illuminate\\Foundation\\Http\\Middleware\\TransformsRequest->handle(Object(Illuminate\\Http\\Request), Object(Closure))
#20 D:\\Dokq\\dokq\\last_source\\backup_dokq_1638716411\\vendor\\laravel\\framework\\src\\Illuminate\\Routing\\Pipeline.php(53): Illuminate\\Pipeline\\Pipeline->Illuminate\\Pipeline\\{closure}(Object(Illuminate\\Http\\Request))
#21 D:\\Dokq\\dokq\\last_source\\backup_dokq_1638716411\\vendor\\laravel\\framework\\src\\Illuminate\\Foundation\\Http\\Middleware\\TransformsRequest.php(30): Illuminate\\Routing\\Pipeline->Illuminate\\Routing\\{closure}(Object(Illuminate\\Http\\Request))
#22 D:\\Dokq\\dokq\\last_source\\backup_dokq_1638716411\\vendor\\laravel\\framework\\src\\Illuminate\\Pipeline\\Pipeline.php(149): Illuminate\\Foundation\\Http\\Middleware\\TransformsRequest->handle(Object(Illuminate\\Http\\Request), Object(Closure))
#23 D:\\Dokq\\dokq\\last_source\\backup_dokq_1638716411\\vendor\\laravel\\framework\\src\\Illuminate\\Routing\\Pipeline.php(53): Illuminate\\Pipeline\\Pipeline->Illuminate\\Pipeline\\{closure}(Object(Illuminate\\Http\\Request))
#24 D:\\Dokq\\dokq\\last_source\\backup_dokq_1638716411\\vendor\\laravel\\framework\\src\\Illuminate\\Foundation\\Http\\Middleware\\ValidatePostSize.php(27): Illuminate\\Routing\\Pipeline->Illuminate\\Routing\\{closure}(Object(Illuminate\\Http\\Request))
#25 D:\\Dokq\\dokq\\last_source\\backup_dokq_1638716411\\vendor\\laravel\\framework\\src\\Illuminate\\Pipeline\\Pipeline.php(149): Illuminate\\Foundation\\Http\\Middleware\\ValidatePostSize->handle(Object(Illuminate\\Http\\Request), Object(Closure))
#26 D:\\Dokq\\dokq\\last_source\\backup_dokq_1638716411\\vendor\\laravel\\framework\\src\\Illuminate\\Routing\\Pipeline.php(53): Illuminate\\Pipeline\\Pipeline->Illuminate\\Pipeline\\{closure}(Object(Illuminate\\Http\\Request))
#27 D:\\Dokq\\dokq\\last_source\\backup_dokq_1638716411\\vendor\\laravel\\framework\\src\\Illuminate\\Foundation\\Http\\Middleware\\CheckForMaintenanceMode.php(46): Illuminate\\Routing\\Pipeline->Illuminate\\Routing\\{closure}(Object(Illuminate\\Http\\Request))
#28 D:\\Dokq\\dokq\\last_source\\backup_dokq_1638716411\\vendor\\laravel\\framework\\src\\Illuminate\\Pipeline\\Pipeline.php(149): Illuminate\\Foundation\\Http\\Middleware\\CheckForMaintenanceMode->handle(Object(Illuminate\\Http\\Request), Object(Closure))
#29 D:\\Dokq\\dokq\\last_source\\backup_dokq_1638716411\\vendor\\laravel\\framework\\src\\Illuminate\\Routing\\Pipeline.php(53): Illuminate\\Pipeline\\Pipeline->Illuminate\\Pipeline\\{closure}(Object(Illuminate\\Http\\Request))
#30 D:\\Dokq\\dokq\\last_source\\backup_dokq_1638716411\\vendor\\laravel\\framework\\src\\Illuminate\\Pipeline\\Pipeline.php(102): Illuminate\\Routing\\Pipeline->Illuminate\\Routing\\{closure}(Object(Illuminate\\Http\\Request))
#31 D:\\Dokq\\dokq\\last_source\\backup_dokq_1638716411\\vendor\\laravel\\framework\\src\\Illuminate\\Foundation\\Http\\Kernel.php(151): Illuminate\\Pipeline\\Pipeline->then(Object(Closure))
#32 D:\\Dokq\\dokq\\last_source\\backup_dokq_1638716411\\vendor\\laravel\\framework\\src\\Illuminate\\Foundation\\Http\\Kernel.php(116): Illuminate\\Foundation\\Http\\Kernel->sendRequestThroughRouter(Object(Illuminate\\Http\\Request))
#33 D:\\Dokq\\dokq\\last_source\\backup_dokq_1638716411\\public\\index.php(55): Illuminate\\Foundation\\Http\\Kernel->handle(Object(Illuminate\\Http\\Request))
#34 D:\\Dokq\\dokq\\last_source\\backup_dokq_1638716411\\server.php(21): require_once('D:\\\\Dokq\\\\dokq\\\\la...')
#35 {main}
"} 
